2017-02-10 10:13:11 ERROR TestLogic:22 - error level
2017-02-10 10:13:11 DEBUG logging:194 - Logging Provider: org.jboss.logging.Log4jLoggerProvider
2017-02-10 10:13:11 DEBUG BasicTypeRegistry:146 - Adding type registration boolean -> org.hibernate.type.BooleanType@19d136a
2017-02-10 10:13:11 DEBUG BasicTypeRegistry:146 - Adding type registration boolean -> org.hibernate.type.BooleanType@19d136a
2017-02-10 10:13:11 DEBUG BasicTypeRegistry:146 - Adding type registration java.lang.Boolean -> org.hibernate.type.BooleanType@19d136a
2017-02-10 10:13:11 DEBUG BasicTypeRegistry:146 - Adding type registration numeric_boolean -> org.hibernate.type.NumericBooleanType@fcc74c
2017-02-10 10:13:11 DEBUG BasicTypeRegistry:146 - Adding type registration true_false -> org.hibernate.type.TrueFalseType@fe7e0e
2017-02-10 10:13:11 DEBUG BasicTypeRegistry:146 - Adding type registration yes_no -> org.hibernate.type.YesNoType@16a5acd
2017-02-10 10:13:11 DEBUG BasicTypeRegistry:146 - Adding type registration byte -> org.hibernate.type.ByteType@307efc
2017-02-10 10:13:11 DEBUG BasicTypeRegistry:146 - Adding type registration byte -> org.hibernate.type.ByteType@307efc
2017-02-10 10:13:11 DEBUG BasicTypeRegistry:146 - Adding type registration java.lang.Byte -> org.hibernate.type.ByteType@307efc
2017-02-10 10:13:11 DEBUG BasicTypeRegistry:146 - Adding type registration character -> org.hibernate.type.CharacterType@17d0e70
2017-02-10 10:13:11 DEBUG BasicTypeRegistry:146 - Adding type registration char -> org.hibernate.type.CharacterType@17d0e70
2017-02-10 10:13:11 DEBUG BasicTypeRegistry:146 - Adding type registration java.lang.Character -> org.hibernate.type.CharacterType@17d0e70
2017-02-10 10:13:11 DEBUG BasicTypeRegistry:146 - Adding type registration short -> org.hibernate.type.ShortType@f368dc
2017-02-10 10:13:11 DEBUG BasicTypeRegistry:146 - Adding type registration short -> org.hibernate.type.ShortType@f368dc
2017-02-10 10:13:11 DEBUG BasicTypeRegistry:146 - Adding type registration java.lang.Short -> org.hibernate.type.ShortType@f368dc
2017-02-10 10:13:11 DEBUG BasicTypeRegistry:146 - Adding type registration integer -> org.hibernate.type.IntegerType@155e32a
2017-02-10 10:13:11 DEBUG BasicTypeRegistry:146 - Adding type registration int -> org.hibernate.type.IntegerType@155e32a
2017-02-10 10:13:11 DEBUG BasicTypeRegistry:146 - Adding type registration java.lang.Integer -> org.hibernate.type.IntegerType@155e32a
2017-02-10 10:13:11 DEBUG BasicTypeRegistry:146 - Adding type registration long -> org.hibernate.type.LongType@6f5891
2017-02-10 10:13:11 DEBUG BasicTypeRegistry:146 - Adding type registration long -> org.hibernate.type.LongType@6f5891
2017-02-10 10:13:11 DEBUG BasicTypeRegistry:146 - Adding type registration java.lang.Long -> org.hibernate.type.LongType@6f5891
2017-02-10 10:13:11 DEBUG BasicTypeRegistry:146 - Adding type registration float -> org.hibernate.type.FloatType@5299e4
2017-02-10 10:13:11 DEBUG BasicTypeRegistry:146 - Adding type registration float -> org.hibernate.type.FloatType@5299e4
2017-02-10 10:13:11 DEBUG BasicTypeRegistry:146 - Adding type registration java.lang.Float -> org.hibernate.type.FloatType@5299e4
2017-02-10 10:13:11 DEBUG BasicTypeRegistry:146 - Adding type registration double -> org.hibernate.type.DoubleType@1ff7e
2017-02-10 10:13:11 DEBUG BasicTypeRegistry:146 - Adding type registration double -> org.hibernate.type.DoubleType@1ff7e
2017-02-10 10:13:11 DEBUG BasicTypeRegistry:146 - Adding type registration java.lang.Double -> org.hibernate.type.DoubleType@1ff7e
2017-02-10 10:13:11 DEBUG BasicTypeRegistry:146 - Adding type registration big_decimal -> org.hibernate.type.BigDecimalType@e1fbe3
2017-02-10 10:13:11 DEBUG BasicTypeRegistry:146 - Adding type registration java.math.BigDecimal -> org.hibernate.type.BigDecimalType@e1fbe3
2017-02-10 10:13:11 DEBUG BasicTypeRegistry:146 - Adding type registration big_integer -> org.hibernate.type.BigIntegerType@159f498
2017-02-10 10:13:11 DEBUG BasicTypeRegistry:146 - Adding type registration java.math.BigInteger -> org.hibernate.type.BigIntegerType@159f498
2017-02-10 10:13:11 DEBUG BasicTypeRegistry:146 - Adding type registration string -> org.hibernate.type.StringType@d07f45
2017-02-10 10:13:11 DEBUG BasicTypeRegistry:146 - Adding type registration java.lang.String -> org.hibernate.type.StringType@d07f45
2017-02-10 10:13:11 DEBUG BasicTypeRegistry:146 - Adding type registration nstring -> org.hibernate.type.StringNVarcharType@158e2c3
2017-02-10 10:13:11 DEBUG BasicTypeRegistry:146 - Adding type registration ncharacter -> org.hibernate.type.CharacterNCharType@a17e57
2017-02-10 10:13:11 DEBUG BasicTypeRegistry:146 - Adding type registration url -> org.hibernate.type.UrlType@1d377a4
2017-02-10 10:13:11 DEBUG BasicTypeRegistry:146 - Adding type registration java.net.URL -> org.hibernate.type.UrlType@1d377a4
2017-02-10 10:13:11 DEBUG BasicTypeRegistry:146 - Adding type registration date -> org.hibernate.type.DateType@5f849b
2017-02-10 10:13:11 DEBUG BasicTypeRegistry:146 - Adding type registration java.sql.Date -> org.hibernate.type.DateType@5f849b
2017-02-10 10:13:11 DEBUG BasicTypeRegistry:146 - Adding type registration time -> org.hibernate.type.TimeType@1c5d5e4
2017-02-10 10:13:11 DEBUG BasicTypeRegistry:146 - Adding type registration java.sql.Time -> org.hibernate.type.TimeType@1c5d5e4
2017-02-10 10:13:11 DEBUG BasicTypeRegistry:146 - Adding type registration timestamp -> org.hibernate.type.TimestampType@ec34fb
2017-02-10 10:13:11 DEBUG BasicTypeRegistry:146 - Adding type registration java.sql.Timestamp -> org.hibernate.type.TimestampType@ec34fb
2017-02-10 10:13:11 DEBUG BasicTypeRegistry:146 - Adding type registration java.util.Date -> org.hibernate.type.TimestampType@ec34fb
2017-02-10 10:13:11 DEBUG BasicTypeRegistry:146 - Adding type registration dbtimestamp -> org.hibernate.type.DbTimestampType@1ce109a
2017-02-10 10:13:11 DEBUG BasicTypeRegistry:146 - Adding type registration calendar -> org.hibernate.type.CalendarType@15ed323
2017-02-10 10:13:11 DEBUG BasicTypeRegistry:146 - Adding type registration java.util.Calendar -> org.hibernate.type.CalendarType@15ed323
2017-02-10 10:13:11 DEBUG BasicTypeRegistry:146 - Adding type registration java.util.GregorianCalendar -> org.hibernate.type.CalendarType@15ed323
2017-02-10 10:13:11 DEBUG BasicTypeRegistry:146 - Adding type registration calendar_date -> org.hibernate.type.CalendarDateType@1d6e77
2017-02-10 10:13:11 DEBUG BasicTypeRegistry:146 - Adding type registration locale -> org.hibernate.type.LocaleType@920d5d
2017-02-10 10:13:11 DEBUG BasicTypeRegistry:146 - Adding type registration java.util.Locale -> org.hibernate.type.LocaleType@920d5d
2017-02-10 10:13:11 DEBUG BasicTypeRegistry:146 - Adding type registration currency -> org.hibernate.type.CurrencyType@b0730e
2017-02-10 10:13:11 DEBUG BasicTypeRegistry:146 - Adding type registration java.util.Currency -> org.hibernate.type.CurrencyType@b0730e
2017-02-10 10:13:11 DEBUG BasicTypeRegistry:146 - Adding type registration timezone -> org.hibernate.type.TimeZoneType@12a95c7
2017-02-10 10:13:11 DEBUG BasicTypeRegistry:146 - Adding type registration java.util.TimeZone -> org.hibernate.type.TimeZoneType@12a95c7
2017-02-10 10:13:11 DEBUG BasicTypeRegistry:146 - Adding type registration class -> org.hibernate.type.ClassType@1785b00
2017-02-10 10:13:11 DEBUG BasicTypeRegistry:146 - Adding type registration java.lang.Class -> org.hibernate.type.ClassType@1785b00
2017-02-10 10:13:11 DEBUG BasicTypeRegistry:146 - Adding type registration uuid-binary -> org.hibernate.type.UUIDBinaryType@1164bf6
2017-02-10 10:13:11 DEBUG BasicTypeRegistry:146 - Adding type registration java.util.UUID -> org.hibernate.type.UUIDBinaryType@1164bf6
2017-02-10 10:13:11 DEBUG BasicTypeRegistry:146 - Adding type registration uuid-char -> org.hibernate.type.UUIDCharType@5ac2e4
2017-02-10 10:13:11 DEBUG BasicTypeRegistry:146 - Adding type registration pg-uuid -> org.hibernate.type.PostgresUUIDType@163d86c
2017-02-10 10:13:11 DEBUG BasicTypeRegistry:146 - Adding type registration binary -> org.hibernate.type.BinaryType@1eb033c
2017-02-10 10:13:11 DEBUG BasicTypeRegistry:146 - Adding type registration byte[] -> org.hibernate.type.BinaryType@1eb033c
2017-02-10 10:13:11 DEBUG BasicTypeRegistry:146 - Adding type registration [B -> org.hibernate.type.BinaryType@1eb033c
2017-02-10 10:13:11 DEBUG BasicTypeRegistry:146 - Adding type registration wrapper-binary -> org.hibernate.type.WrapperBinaryType@faa819
2017-02-10 10:13:11 DEBUG BasicTypeRegistry:146 - Adding type registration Byte[] -> org.hibernate.type.WrapperBinaryType@faa819
2017-02-10 10:13:11 DEBUG BasicTypeRegistry:146 - Adding type registration [Ljava.lang.Byte; -> org.hibernate.type.WrapperBinaryType@faa819
2017-02-10 10:13:11 DEBUG BasicTypeRegistry:146 - Adding type registration image -> org.hibernate.type.ImageType@ed21d3
2017-02-10 10:13:11 DEBUG BasicTypeRegistry:146 - Adding type registration characters -> org.hibernate.type.CharArrayType@1c8b234
2017-02-10 10:13:11 DEBUG BasicTypeRegistry:146 - Adding type registration char[] -> org.hibernate.type.CharArrayType@1c8b234
2017-02-10 10:13:11 DEBUG BasicTypeRegistry:146 - Adding type registration [C -> org.hibernate.type.CharArrayType@1c8b234
2017-02-10 10:13:11 DEBUG BasicTypeRegistry:146 - Adding type registration wrapper-characters -> org.hibernate.type.CharacterArrayType@1a7ffb3
2017-02-10 10:13:11 DEBUG BasicTypeRegistry:146 - Adding type registration [Ljava.lang.Character; -> org.hibernate.type.CharacterArrayType@1a7ffb3
2017-02-10 10:13:11 DEBUG BasicTypeRegistry:146 - Adding type registration Character[] -> org.hibernate.type.CharacterArrayType@1a7ffb3
2017-02-10 10:13:11 DEBUG BasicTypeRegistry:146 - Adding type registration text -> org.hibernate.type.TextType@15b74b
2017-02-10 10:13:11 DEBUG BasicTypeRegistry:146 - Adding type registration ntext -> org.hibernate.type.NTextType@141ab78
2017-02-10 10:13:11 DEBUG BasicTypeRegistry:146 - Adding type registration blob -> org.hibernate.type.BlobType@41439f
2017-02-10 10:13:11 DEBUG BasicTypeRegistry:146 - Adding type registration java.sql.Blob -> org.hibernate.type.BlobType@41439f
2017-02-10 10:13:11 DEBUG BasicTypeRegistry:146 - Adding type registration materialized_blob -> org.hibernate.type.MaterializedBlobType@157f55f
2017-02-10 10:13:12 DEBUG BasicTypeRegistry:146 - Adding type registration clob -> org.hibernate.type.ClobType@af30a3
2017-02-10 10:13:12 DEBUG BasicTypeRegistry:146 - Adding type registration java.sql.Clob -> org.hibernate.type.ClobType@af30a3
2017-02-10 10:13:12 DEBUG BasicTypeRegistry:146 - Adding type registration nclob -> org.hibernate.type.NClobType@1304022
2017-02-10 10:13:12 DEBUG BasicTypeRegistry:146 - Adding type registration java.sql.NClob -> org.hibernate.type.NClobType@1304022
2017-02-10 10:13:12 DEBUG BasicTypeRegistry:146 - Adding type registration materialized_clob -> org.hibernate.type.MaterializedClobType@1c012fa
2017-02-10 10:13:12 DEBUG BasicTypeRegistry:146 - Adding type registration materialized_nclob -> org.hibernate.type.MaterializedNClobType@e273fa
2017-02-10 10:13:12 DEBUG BasicTypeRegistry:146 - Adding type registration serializable -> org.hibernate.type.SerializableType@8cc09a
2017-02-10 10:13:12 DEBUG BasicTypeRegistry:146 - Adding type registration object -> org.hibernate.type.ObjectType@c3b27
2017-02-10 10:13:12 DEBUG BasicTypeRegistry:146 - Adding type registration java.lang.Object -> org.hibernate.type.ObjectType@c3b27
2017-02-10 10:13:12 DEBUG BasicTypeRegistry:146 - Adding type registration imm_date -> org.hibernate.type.AdaptedImmutableType@ef2645
2017-02-10 10:13:12 DEBUG BasicTypeRegistry:146 - Adding type registration imm_time -> org.hibernate.type.AdaptedImmutableType@b98ef4
2017-02-10 10:13:12 DEBUG BasicTypeRegistry:146 - Adding type registration imm_timestamp -> org.hibernate.type.AdaptedImmutableType@585e93
2017-02-10 10:13:12 DEBUG BasicTypeRegistry:146 - Adding type registration imm_dbtimestamp -> org.hibernate.type.AdaptedImmutableType@1a928f9
2017-02-10 10:13:12 DEBUG BasicTypeRegistry:146 - Adding type registration imm_calendar -> org.hibernate.type.AdaptedImmutableType@c11e58
2017-02-10 10:13:12 DEBUG BasicTypeRegistry:146 - Adding type registration imm_calendar_date -> org.hibernate.type.AdaptedImmutableType@af26de
2017-02-10 10:13:12 DEBUG BasicTypeRegistry:146 - Adding type registration imm_binary -> org.hibernate.type.AdaptedImmutableType@120f29d
2017-02-10 10:13:12 DEBUG BasicTypeRegistry:146 - Adding type registration imm_serializable -> org.hibernate.type.AdaptedImmutableType@186092
2017-02-10 10:13:12 INFO  Version:66 - HCANN000001: Hibernate Commons Annotations {4.0.4.Final}
2017-02-10 10:13:12 INFO  Version:54 - HHH000412: Hibernate Core {4.3.11.Final}
2017-02-10 10:13:12 INFO  Environment:239 - HHH000206: hibernate.properties not found
2017-02-10 10:13:12 INFO  Environment:346 - HHH000021: Bytecode provider name : javassist
2017-02-10 10:13:12 DEBUG DefaultIdentifierGeneratorFactory:93 - Registering IdentifierGenerator strategy [uuid2] -> [org.hibernate.id.UUIDGenerator]
2017-02-10 10:13:12 DEBUG DefaultIdentifierGeneratorFactory:93 - Registering IdentifierGenerator strategy [guid] -> [org.hibernate.id.GUIDGenerator]
2017-02-10 10:13:12 DEBUG DefaultIdentifierGeneratorFactory:93 - Registering IdentifierGenerator strategy [uuid] -> [org.hibernate.id.UUIDHexGenerator]
2017-02-10 10:13:12 DEBUG DefaultIdentifierGeneratorFactory:93 - Registering IdentifierGenerator strategy [uuid.hex] -> [org.hibernate.id.UUIDHexGenerator]
2017-02-10 10:13:12 DEBUG DefaultIdentifierGeneratorFactory:93 - Registering IdentifierGenerator strategy [hilo] -> [org.hibernate.id.TableHiLoGenerator]
2017-02-10 10:13:12 DEBUG DefaultIdentifierGeneratorFactory:93 - Registering IdentifierGenerator strategy [assigned] -> [org.hibernate.id.Assigned]
2017-02-10 10:13:12 DEBUG DefaultIdentifierGeneratorFactory:93 - Registering IdentifierGenerator strategy [identity] -> [org.hibernate.id.IdentityGenerator]
2017-02-10 10:13:12 DEBUG DefaultIdentifierGeneratorFactory:93 - Registering IdentifierGenerator strategy [select] -> [org.hibernate.id.SelectGenerator]
2017-02-10 10:13:12 DEBUG DefaultIdentifierGeneratorFactory:93 - Registering IdentifierGenerator strategy [sequence] -> [org.hibernate.id.SequenceGenerator]
2017-02-10 10:13:12 DEBUG DefaultIdentifierGeneratorFactory:93 - Registering IdentifierGenerator strategy [seqhilo] -> [org.hibernate.id.SequenceHiLoGenerator]
2017-02-10 10:13:12 DEBUG DefaultIdentifierGeneratorFactory:93 - Registering IdentifierGenerator strategy [increment] -> [org.hibernate.id.IncrementGenerator]
2017-02-10 10:13:12 DEBUG DefaultIdentifierGeneratorFactory:93 - Registering IdentifierGenerator strategy [foreign] -> [org.hibernate.id.ForeignGenerator]
2017-02-10 10:13:12 DEBUG DefaultIdentifierGeneratorFactory:93 - Registering IdentifierGenerator strategy [sequence-identity] -> [org.hibernate.id.SequenceIdentityGenerator]
2017-02-10 10:13:12 DEBUG DefaultIdentifierGeneratorFactory:93 - Registering IdentifierGenerator strategy [enhanced-sequence] -> [org.hibernate.id.enhanced.SequenceStyleGenerator]
2017-02-10 10:13:12 DEBUG DefaultIdentifierGeneratorFactory:93 - Registering IdentifierGenerator strategy [enhanced-table] -> [org.hibernate.id.enhanced.TableGenerator]
2017-02-10 10:13:12 INFO  Configuration:2075 - HHH000043: Configuring from resource: /hibernate.cfg.xml
2017-02-10 10:13:12 INFO  Configuration:2094 - HHH000040: Configuration resource: /hibernate.cfg.xml
2017-02-10 10:13:12 DEBUG DTDEntityResolver:69 - Trying to resolve system-id [http://hibernate.sourceforge.net/hibernate-configuration-3.0.dtd]
2017-02-10 10:13:12 WARN  DTDEntityResolver:75 - HHH000223: Recognized obsolete hibernate namespace http://hibernate.sourceforge.net/. Use namespace http://www.hibernate.org/dtd/ instead. Refer to Hibernate 3.6 Migration Guide!
2017-02-10 10:13:12 DEBUG DTDEntityResolver:76 - Attempting to resolve on classpath under org/hibernate/
2017-02-10 10:13:12 DEBUG DTDEntityResolver:108 - Located [http://hibernate.sourceforge.net/hibernate-configuration-3.0.dtd] in classpath
2017-02-10 10:13:12 DEBUG Configuration:2037 - hibernate.connection.driver_class=com.mysql.jdbc.Driver
2017-02-10 10:13:12 DEBUG Configuration:2037 - hibernate.connection.url=jdbc:mysql://localhost:3306/database1
2017-02-10 10:13:12 DEBUG Configuration:2037 - hibernate.connection.username=root
2017-02-10 10:13:12 DEBUG Configuration:2037 - hibernate.connection.password=root
2017-02-10 10:13:12 DEBUG Configuration:2037 - hibernate.dialect=org.hibernate.dialect.MySQLDialect
2017-02-10 10:13:12 DEBUG Configuration:2037 - connection.pool_size=1
2017-02-10 10:13:12 DEBUG Configuration:2037 - show_sql=true
2017-02-10 10:13:12 DEBUG Configuration:2037 - hbm2ddl.auto=create-drop
2017-02-10 10:13:12 DEBUG Configuration:2276 - Session-factory config [null] named class [com.namequeriesdemo.Employee] for mapping
2017-02-10 10:13:12 INFO  Configuration:2216 - HHH000041: Configured SessionFactory: null
2017-02-10 10:13:12 DEBUG Configuration:2217 - Properties: {hibernate.connection.password=root, java.runtime.name=Java(TM) SE Runtime Environment, sun.boot.library.path=C:\Program Files (x86)\Java\jdk1.7.0\jre\bin, java.vm.version=21.0-b17, hibernate.connection.username=root, java.vm.vendor=Oracle Corporation, java.vendor.url=http://java.oracle.com/, path.separator=;, java.vm.name=Java HotSpot(TM) Client VM, file.encoding.pkg=sun.io, user.script=, user.country=US, sun.java.launcher=SUN_STANDARD, sun.os.patch.level=Service Pack 1, java.vm.specification.name=Java Virtual Machine Specification, user.dir=P:\workspace\namedquerydemo, java.runtime.version=1.7.0-b147, java.awt.graphicsenv=sun.awt.Win32GraphicsEnvironment, hbm2ddl.auto=create-drop, java.endorsed.dirs=C:\Program Files (x86)\Java\jdk1.7.0\jre\lib\endorsed, os.arch=x86, java.io.tmpdir=C:\Users\Prashant\AppData\Local\Temp\, line.separator=
, java.vm.specification.vendor=Oracle Corporation, user.variant=, os.name=Windows 7, sun.jnu.encoding=Cp1252, java.library.path=C:\Program Files (x86)\Java\jdk1.7.0\bin;C:\Windows\Sun\Java\bin;C:\Windows\system32;C:\Windows;C:/Program Files (x86)/Java/jre7/bin/client;C:/Program Files (x86)/Java/jre7/bin;C:/Program Files (x86)/Java/jre7/lib/i386;P:\app\Prashant\product\11.2.0\dbhome_1\bin;C:\Program Files (x86)\MiKTeX 2.9\miktex\bin;C:\Program Files (x86)\Intel\iCLS Client\;C:\Program Files\Intel\iCLS Client\;C:\Windows\system32;C:\Windows;C:\Windows\System32\Wbem;C:\Windows\System32\WindowsPowerShell\v1.0\;C:\Program Files\Intel\Intel(R) Management Engine Components\DAL;C:\Program Files\Intel\Intel(R) Management Engine Components\IPT;C:\Program Files (x86)\Intel\Intel(R) Management Engine Components\DAL;C:\Program Files (x86)\Intel\Intel(R) Management Engine Components\IPT;C:\Program Files (x86)\Java\jdk1.7.0\bin;C:\Program Files (x86)\Universal Extractor;C:\Program Files (x86)\Universal Extractor\bin;C:\Program Files (x86)\Java\jdk1.7.0\bin;P:\java\apache-maven-3.3.9\bin;;P:\java\eclipseee\eclipse;;., java.specification.name=Java Platform API Specification, java.class.version=51.0, hibernate.connection.pool_size=1, sun.management.compiler=HotSpot Client Compiler, os.version=6.1, user.home=C:\Users\Prashant, user.timezone=Asia/Calcutta, java.awt.printerjob=sun.awt.windows.WPrinterJob, file.encoding=UTF-8, java.specification.version=1.7, hibernate.connection.driver_class=com.mysql.jdbc.Driver, show_sql=true, java.class.path=P:\workspace\namedquerydemo\target\classes;P:\java\hbjars\hibernate-core-4.3.11.Final.jar;C:\Users\Prashant\.m2\repository\log4j\log4j\1.2.17\log4j-1.2.17.jar;C:\Users\Prashant\.m2\repository\org\hibernate\hibernate-core\4.3.5.Final\hibernate-core-4.3.5.Final.jar;C:\Users\Prashant\.m2\repository\org\jboss\logging\jboss-logging\3.1.3.GA\jboss-logging-3.1.3.GA.jar;C:\Users\Prashant\.m2\repository\org\jboss\logging\jboss-logging-annotations\1.2.0.Beta1\jboss-logging-annotations-1.2.0.Beta1.jar;C:\Users\Prashant\.m2\repository\org\jboss\spec\javax\transaction\jboss-transaction-api_1.2_spec\1.0.0.Final\jboss-transaction-api_1.2_spec-1.0.0.Final.jar;C:\Users\Prashant\.m2\repository\dom4j\dom4j\1.6.1\dom4j-1.6.1.jar;C:\Users\Prashant\.m2\repository\xml-apis\xml-apis\1.0.b2\xml-apis-1.0.b2.jar;C:\Users\Prashant\.m2\repository\org\hibernate\common\hibernate-commons-annotations\4.0.4.Final\hibernate-commons-annotations-4.0.4.Final.jar;C:\Users\Prashant\.m2\repository\org\hibernate\javax\persistence\hibernate-jpa-2.1-api\1.0.0.Final\hibernate-jpa-2.1-api-1.0.0.Final.jar;C:\Users\Prashant\.m2\repository\org\javassist\javassist\3.18.1-GA\javassist-3.18.1-GA.jar;C:\Users\Prashant\.m2\repository\antlr\antlr\2.7.7\antlr-2.7.7.jar;C:\Users\Prashant\.m2\repository\org\jboss\jandex\1.1.0.Final\jandex-1.1.0.Final.jar;C:\Users\Prashant\.m2\repository\mysql\mysql-connector-java\5.1.6\mysql-connector-java-5.1.6.jar, user.name=Prashant, hibernate.bytecode.use_reflection_optimizer=false, hibernate.show_sql=true, java.vm.specification.version=1.7, sun.java.command=com.testnamedqueries.TestLogic, java.home=C:\Program Files (x86)\Java\jdk1.7.0\jre, sun.arch.data.model=32, hibernate.dialect=org.hibernate.dialect.MySQLDialect, hibernate.connection.url=jdbc:mysql://localhost:3306/database1, connection.pool_size=1, user.language=en, java.specification.vendor=Oracle Corporation, awt.toolkit=sun.awt.windows.WToolkit, java.vm.info=mixed mode, java.version=1.7.0, java.ext.dirs=C:\Program Files (x86)\Java\jdk1.7.0\jre\lib\ext;C:\Windows\Sun\Java\lib\ext, sun.boot.class.path=C:\Program Files (x86)\Java\jre7\lib\resources.jar;C:\Program Files (x86)\Java\jre7\lib\rt.jar;C:\Program Files (x86)\Java\jre7\lib\jsse.jar;C:\Program Files (x86)\Java\jre7\lib\jce.jar;C:\Program Files (x86)\Java\jre7\lib\charsets.jar;C:\Program Files (x86)\Java\jre7\lib\ext\dnsns.jar;C:\Program Files (x86)\Java\jre7\lib\ext\localedata.jar;C:\Program Files (x86)\Java\jre7\lib\ext\sunec.jar;C:\Program Files (x86)\Java\jre7\lib\ext\sunjce_provider.jar;C:\Program Files (x86)\Java\jre7\lib\ext\sunmscapi.jar;C:\Program Files (x86)\Java\jre7\lib\ext\sunpkcs11.jar;C:\Program Files (x86)\Java\jre7\lib\ext\zipfs.jar, java.vendor=Oracle Corporation, file.separator=\, hibernate.hbm2ddl.auto=create-drop, java.vendor.url.bug=http://bugreport.sun.com/bugreport/, sun.io.unicode.encoding=UnicodeLittle, sun.cpu.endian=little, sun.desktop=windows, sun.cpu.isalist=pentium_pro+mmx pentium_pro pentium+mmx pentium i486 i386 i86}
2017-02-10 10:13:12 DEBUG IntegratorServiceImpl:63 - Adding Integrator [org.hibernate.cfg.beanvalidation.BeanValidationIntegrator].
2017-02-10 10:13:12 DEBUG IntegratorServiceImpl:63 - Adding Integrator [org.hibernate.secure.spi.JaccIntegrator].
2017-02-10 10:13:12 DEBUG IntegratorServiceImpl:63 - Adding Integrator [org.hibernate.cache.internal.CollectionCacheInvalidator].
2017-02-10 10:13:12 DEBUG StrategySelectorImpl:79 - Registering named strategy selector [org.hibernate.dialect.Dialect] : [MySQL5] -> [org.hibernate.dialect.MySQL5Dialect] (replacing [org.hibernate.dialect.MySQL5Dialect])
2017-02-10 10:13:12 DEBUG StrategySelectorImpl:79 - Registering named strategy selector [org.hibernate.dialect.Dialect] : [MySQL5InnoDB] -> [org.hibernate.dialect.MySQL5InnoDBDialect] (replacing [org.hibernate.dialect.MySQL5InnoDBDialect])
2017-02-10 10:13:12 DEBUG ServiceBinding:85 - Overriding existing service binding [org.hibernate.secure.spi.JaccService]
2017-02-10 10:13:12 DEBUG Configuration:1843 - Preparing to build session factory with filters : {}
2017-02-10 10:13:12 WARN  DriverManagerConnectionProviderImpl:93 - HHH000402: Using Hibernate built-in connection pool (not for production use!)
2017-02-10 10:13:12 INFO  DriverManagerConnectionProviderImpl:166 - HHH000401: using driver [com.mysql.jdbc.Driver] at URL [jdbc:mysql://localhost:3306/database1]
2017-02-10 10:13:12 INFO  DriverManagerConnectionProviderImpl:172 - HHH000046: Connection properties: {user=root, password=root}
2017-02-10 10:13:12 INFO  DriverManagerConnectionProviderImpl:180 - HHH000006: Autocommit mode: false
2017-02-10 10:13:12 INFO  DriverManagerConnectionProviderImpl:102 - HHH000115: Hibernate connection pool size: 1 (min=1)
2017-02-10 10:13:12 DEBUG DriverManagerConnectionProviderImpl:104 - Initializing Connection pool with 1 Connections
2017-02-10 10:13:13 DEBUG JdbcServicesImpl:128 - Database ->
       name : MySQL
    version : 5.5.24
      major : 5
      minor : 5
2017-02-10 10:13:13 DEBUG JdbcServicesImpl:139 - Driver ->
       name : MySQL-AB JDBC Driver
    version : mysql-connector-java-5.1.6 ( Revision: ${svn.Revision} )
      major : 5
      minor : 1
2017-02-10 10:13:13 DEBUG JdbcServicesImpl:150 - JDBC version : 3.0
2017-02-10 10:13:13 INFO  Dialect:145 - HHH000400: Using dialect: org.hibernate.dialect.MySQLDialect
2017-02-10 10:13:13 INFO  LobCreatorBuilder:97 - HHH000423: Disabling contextual LOB creation as JDBC driver reported JDBC version [3] less than 4
2017-02-10 10:13:13 DEBUG Configuration:3805 - Processing hbm.xml files
2017-02-10 10:13:13 DEBUG Configuration:3835 - Process annotated classes
2017-02-10 10:13:13 DEBUG AnnotationBinder:601 - Binding entity from annotated class: com.namequeriesdemo.Employee
2017-02-10 10:13:13 DEBUG Ejb3Column:240 - Binding column: Ejb3DiscriminatorColumn{logicalColumnName'DTYPE', discriminatorTypeName='string'}
2017-02-10 10:13:13 DEBUG AnnotationBinder:1185 - No value specified for 'javax.persistence.sharedCache.mode'; using UNSPECIFIED
2017-02-10 10:13:13 DEBUG EntityBinder:399 - Import with entity name Employee
2017-02-10 10:13:13 DEBUG EntityBinder:612 - Bind entity com.namequeriesdemo.Employee on table tableemployee
2017-02-10 10:13:13 DEBUG Ejb3Column:240 - Binding column: Ejb3Column{table=org.hibernate.mapping.Table(tableemployee), mappingColumn=EMPID, insertable=true, updatable=true, unique=false}
2017-02-10 10:13:13 DEBUG PropertyBinder:185 - MetadataSourceProcessor property empId with lazy=false
2017-02-10 10:13:13 DEBUG AbstractPropertyHolder:106 - Attempting to locate auto-apply AttributeConverter for property [com.namequeriesdemo.Employee:empId]
2017-02-10 10:13:13 DEBUG SimpleValueBinder:388 - building SimpleValue for empId
2017-02-10 10:13:13 DEBUG PropertyBinder:271 - Building property empId
2017-02-10 10:13:13 DEBUG Ejb3Column:240 - Binding column: Ejb3Column{table=org.hibernate.mapping.Table(tableemployee), mappingColumn=EMPNAME, insertable=true, updatable=true, unique=false}
2017-02-10 10:13:13 DEBUG PropertyBinder:185 - MetadataSourceProcessor property empName with lazy=false
2017-02-10 10:13:13 DEBUG AbstractPropertyHolder:106 - Attempting to locate auto-apply AttributeConverter for property [com.namequeriesdemo.Employee:empName]
2017-02-10 10:13:13 DEBUG SimpleValueBinder:388 - building SimpleValue for empName
2017-02-10 10:13:13 DEBUG PropertyBinder:271 - Building property empName
2017-02-10 10:13:13 DEBUG Ejb3Column:240 - Binding column: Ejb3Column{table=org.hibernate.mapping.Table(tableemployee), mappingColumn=salary, insertable=true, updatable=true, unique=false}
2017-02-10 10:13:13 DEBUG PropertyBinder:185 - MetadataSourceProcessor property empSalary with lazy=false
2017-02-10 10:13:13 DEBUG AbstractPropertyHolder:106 - Attempting to locate auto-apply AttributeConverter for property [com.namequeriesdemo.Employee:empSalary]
2017-02-10 10:13:13 DEBUG SimpleValueBinder:388 - building SimpleValue for empSalary
2017-02-10 10:13:13 DEBUG PropertyBinder:271 - Building property empSalary
2017-02-10 10:13:13 DEBUG SimpleValueBinder:428 - Starting fillSimpleValue for empId
2017-02-10 10:13:13 DEBUG SimpleValueBinder:428 - Starting fillSimpleValue for empName
2017-02-10 10:13:13 DEBUG SimpleValueBinder:428 - Starting fillSimpleValue for empSalary
2017-02-10 10:13:13 DEBUG Configuration:1484 - Processing fk mappings (*ToOne and JoinedSubclass)
2017-02-10 10:13:13 DEBUG Configuration:1689 - Processing extends queue
2017-02-10 10:13:13 DEBUG Configuration:1747 - Processing extends queue
2017-02-10 10:13:13 DEBUG Configuration:1692 - Processing collection mappings
2017-02-10 10:13:13 DEBUG Configuration:1702 - Processing native query and ResultSetMapping mappings
2017-02-10 10:13:13 DEBUG Configuration:1710 - Processing association property references
2017-02-10 10:13:13 DEBUG Configuration:1732 - Creating tables' unique integer identifiers
2017-02-10 10:13:13 DEBUG Configuration:1733 - Processing foreign key constraints
2017-02-10 10:13:13 DEBUG JtaPlatformInitiator:59 - No JtaPlatform was specified, checking resolver
2017-02-10 10:13:13 DEBUG JtaPlatformResolverInitiator:50 - No JtaPlatformResolver was specified, using default [org.hibernate.engine.transaction.jta.platform.internal.StandardJtaPlatformResolver]
2017-02-10 10:13:13 DEBUG StandardJtaPlatformResolver:118 - Could not resolve JtaPlatform, using default [org.hibernate.engine.transaction.jta.platform.internal.NoJtaPlatform]
2017-02-10 10:13:13 DEBUG SettingsFactory:122 - Automatic flush during beforeCompletion(): disabled
2017-02-10 10:13:13 DEBUG SettingsFactory:128 - Automatic session close at end of transaction: disabled
2017-02-10 10:13:13 DEBUG SettingsFactory:139 - JDBC batch size: 15
2017-02-10 10:13:13 DEBUG SettingsFactory:145 - JDBC batch updates for versioned data: disabled
2017-02-10 10:13:13 DEBUG SettingsFactory:155 - Scrollable result sets: enabled
2017-02-10 10:13:13 DEBUG SettingsFactory:161 - Wrap result sets: disabled
2017-02-10 10:13:13 DEBUG SettingsFactory:167 - JDBC3 getGeneratedKeys(): enabled
2017-02-10 10:13:13 DEBUG SettingsFactory:179 - multi-tenancy strategy : NONE
2017-02-10 10:13:13 DEBUG SettingsFactory:185 - Connection release mode: auto
2017-02-10 10:13:13 INFO  TransactionFactoryInitiator:62 - HHH000399: Using default transaction strategy (direct JDBC transactions)
2017-02-10 10:13:13 DEBUG SettingsFactory:207 - Using BatchFetchStyle : LEGACY
2017-02-10 10:13:13 DEBUG SettingsFactory:226 - Maximum outer join fetch depth: 2
2017-02-10 10:13:13 DEBUG SettingsFactory:232 - Default batch fetch size: 1
2017-02-10 10:13:13 DEBUG SettingsFactory:238 - Generate SQL with comments: disabled
2017-02-10 10:13:13 DEBUG SettingsFactory:244 - Order SQL updates by primary key: disabled
2017-02-10 10:13:13 DEBUG SettingsFactory:250 - Order SQL inserts for batching: disabled
2017-02-10 10:13:13 DEBUG SettingsFactory:258 - Default null ordering: none
2017-02-10 10:13:13 DEBUG SettingsFactory:501 - Query translator: org.hibernate.hql.internal.ast.ASTQueryTranslatorFactory
2017-02-10 10:13:13 INFO  ASTQueryTranslatorFactory:47 - HHH000397: Using ASTQueryTranslatorFactory
2017-02-10 10:13:13 DEBUG SettingsFactory:268 - Query language substitutions: {}
2017-02-10 10:13:13 DEBUG SettingsFactory:274 - JPA-QL strict compliance: disabled
2017-02-10 10:13:13 DEBUG SettingsFactory:282 - Second-level cache: enabled
2017-02-10 10:13:13 DEBUG SettingsFactory:288 - Query cache: disabled
2017-02-10 10:13:13 DEBUG RegionFactoryInitiator:105 - Cache region factory : org.hibernate.cache.internal.NoCachingRegionFactory
2017-02-10 10:13:13 DEBUG SettingsFactory:301 - Optimize cache for minimal puts: disabled
2017-02-10 10:13:13 DEBUG SettingsFactory:316 - Structured second-level cache entries: disabled
2017-02-10 10:13:13 DEBUG SettingsFactory:326 - Second-level cache direct-reference entries: disabled
2017-02-10 10:13:13 DEBUG SettingsFactory:332 - Automatic eviction of collection cache: disabled
2017-02-10 10:13:13 DEBUG SettingsFactory:340 - Statistics: disabled
2017-02-10 10:13:13 DEBUG SettingsFactory:346 - Deleted entity synthetic identifier rollback: disabled
2017-02-10 10:13:13 DEBUG SettingsFactory:373 - Default entity-mode: pojo
2017-02-10 10:13:13 DEBUG SettingsFactory:379 - Named query checking : enabled
2017-02-10 10:13:13 DEBUG SettingsFactory:385 - Check Nullability in Core (should be disabled when Bean Validation is on): enabled
2017-02-10 10:13:13 DEBUG SettingsFactory:403 - Allow initialization of lazy state outside session : : disabled
2017-02-10 10:13:13 DEBUG SettingsFactory:413 - JTA Track by Thread: enabled
2017-02-10 10:13:13 DEBUG SessionFactoryImpl:229 - Building session factory
2017-02-10 10:13:13 DEBUG SessionFactoryImpl:285 - Session factory constructed with filter configurations : {}
2017-02-10 10:13:13 DEBUG SessionFactoryImpl:286 - Instantiating session factory with properties: {java.runtime.name=Java(TM) SE Runtime Environment, hibernate.connection.password=root, sun.boot.library.path=C:\Program Files (x86)\Java\jdk1.7.0\jre\bin, java.vm.version=21.0-b17, hibernate.connection.username=root, java.vm.vendor=Oracle Corporation, java.vendor.url=http://java.oracle.com/, path.separator=;, java.vm.name=Java HotSpot(TM) Client VM, file.encoding.pkg=sun.io, user.script=, user.country=US, sun.java.launcher=SUN_STANDARD, sun.os.patch.level=Service Pack 1, java.vm.specification.name=Java Virtual Machine Specification, user.dir=P:\workspace\namedquerydemo, java.runtime.version=1.7.0-b147, java.awt.graphicsenv=sun.awt.Win32GraphicsEnvironment, hbm2ddl.auto=create-drop, java.endorsed.dirs=C:\Program Files (x86)\Java\jdk1.7.0\jre\lib\endorsed, os.arch=x86, java.io.tmpdir=C:\Users\Prashant\AppData\Local\Temp\, line.separator=
, java.vm.specification.vendor=Oracle Corporation, user.variant=, os.name=Windows 7, sun.jnu.encoding=Cp1252, java.library.path=C:\Program Files (x86)\Java\jdk1.7.0\bin;C:\Windows\Sun\Java\bin;C:\Windows\system32;C:\Windows;C:/Program Files (x86)/Java/jre7/bin/client;C:/Program Files (x86)/Java/jre7/bin;C:/Program Files (x86)/Java/jre7/lib/i386;P:\app\Prashant\product\11.2.0\dbhome_1\bin;C:\Program Files (x86)\MiKTeX 2.9\miktex\bin;C:\Program Files (x86)\Intel\iCLS Client\;C:\Program Files\Intel\iCLS Client\;C:\Windows\system32;C:\Windows;C:\Windows\System32\Wbem;C:\Windows\System32\WindowsPowerShell\v1.0\;C:\Program Files\Intel\Intel(R) Management Engine Components\DAL;C:\Program Files\Intel\Intel(R) Management Engine Components\IPT;C:\Program Files (x86)\Intel\Intel(R) Management Engine Components\DAL;C:\Program Files (x86)\Intel\Intel(R) Management Engine Components\IPT;C:\Program Files (x86)\Java\jdk1.7.0\bin;C:\Program Files (x86)\Universal Extractor;C:\Program Files (x86)\Universal Extractor\bin;C:\Program Files (x86)\Java\jdk1.7.0\bin;P:\java\apache-maven-3.3.9\bin;;P:\java\eclipseee\eclipse;;., java.specification.name=Java Platform API Specification, java.class.version=51.0, hibernate.connection.pool_size=1, sun.management.compiler=HotSpot Client Compiler, os.version=6.1, user.home=C:\Users\Prashant, user.timezone=Asia/Calcutta, java.awt.printerjob=sun.awt.windows.WPrinterJob, java.specification.version=1.7, file.encoding=UTF-8, hibernate.connection.driver_class=com.mysql.jdbc.Driver, show_sql=true, user.name=Prashant, java.class.path=P:\workspace\namedquerydemo\target\classes;P:\java\hbjars\hibernate-core-4.3.11.Final.jar;C:\Users\Prashant\.m2\repository\log4j\log4j\1.2.17\log4j-1.2.17.jar;C:\Users\Prashant\.m2\repository\org\hibernate\hibernate-core\4.3.5.Final\hibernate-core-4.3.5.Final.jar;C:\Users\Prashant\.m2\repository\org\jboss\logging\jboss-logging\3.1.3.GA\jboss-logging-3.1.3.GA.jar;C:\Users\Prashant\.m2\repository\org\jboss\logging\jboss-logging-annotations\1.2.0.Beta1\jboss-logging-annotations-1.2.0.Beta1.jar;C:\Users\Prashant\.m2\repository\org\jboss\spec\javax\transaction\jboss-transaction-api_1.2_spec\1.0.0.Final\jboss-transaction-api_1.2_spec-1.0.0.Final.jar;C:\Users\Prashant\.m2\repository\dom4j\dom4j\1.6.1\dom4j-1.6.1.jar;C:\Users\Prashant\.m2\repository\xml-apis\xml-apis\1.0.b2\xml-apis-1.0.b2.jar;C:\Users\Prashant\.m2\repository\org\hibernate\common\hibernate-commons-annotations\4.0.4.Final\hibernate-commons-annotations-4.0.4.Final.jar;C:\Users\Prashant\.m2\repository\org\hibernate\javax\persistence\hibernate-jpa-2.1-api\1.0.0.Final\hibernate-jpa-2.1-api-1.0.0.Final.jar;C:\Users\Prashant\.m2\repository\org\javassist\javassist\3.18.1-GA\javassist-3.18.1-GA.jar;C:\Users\Prashant\.m2\repository\antlr\antlr\2.7.7\antlr-2.7.7.jar;C:\Users\Prashant\.m2\repository\org\jboss\jandex\1.1.0.Final\jandex-1.1.0.Final.jar;C:\Users\Prashant\.m2\repository\mysql\mysql-connector-java\5.1.6\mysql-connector-java-5.1.6.jar, hibernate.bytecode.use_reflection_optimizer=false, hibernate.show_sql=true, java.vm.specification.version=1.7, sun.arch.data.model=32, java.home=C:\Program Files (x86)\Java\jdk1.7.0\jre, sun.java.command=com.testnamedqueries.TestLogic, hibernate.connection.url=jdbc:mysql://localhost:3306/database1, hibernate.dialect=org.hibernate.dialect.MySQLDialect, java.specification.vendor=Oracle Corporation, user.language=en, connection.pool_size=1, awt.toolkit=sun.awt.windows.WToolkit, java.vm.info=mixed mode, java.version=1.7.0, java.ext.dirs=C:\Program Files (x86)\Java\jdk1.7.0\jre\lib\ext;C:\Windows\Sun\Java\lib\ext, sun.boot.class.path=C:\Program Files (x86)\Java\jre7\lib\resources.jar;C:\Program Files (x86)\Java\jre7\lib\rt.jar;C:\Program Files (x86)\Java\jre7\lib\jsse.jar;C:\Program Files (x86)\Java\jre7\lib\jce.jar;C:\Program Files (x86)\Java\jre7\lib\charsets.jar;C:\Program Files (x86)\Java\jre7\lib\ext\dnsns.jar;C:\Program Files (x86)\Java\jre7\lib\ext\localedata.jar;C:\Program Files (x86)\Java\jre7\lib\ext\sunec.jar;C:\Program Files (x86)\Java\jre7\lib\ext\sunjce_provider.jar;C:\Program Files (x86)\Java\jre7\lib\ext\sunmscapi.jar;C:\Program Files (x86)\Java\jre7\lib\ext\sunpkcs11.jar;C:\Program Files (x86)\Java\jre7\lib\ext\zipfs.jar, java.vendor=Oracle Corporation, file.separator=\, java.vendor.url.bug=http://bugreport.sun.com/bugreport/, hibernate.hbm2ddl.auto=create-drop, sun.cpu.endian=little, sun.io.unicode.encoding=UnicodeLittle, sun.desktop=windows, sun.cpu.isalist=pentium_pro+mmx pentium_pro pentium+mmx pentium i486 i386 i86}
2017-02-10 10:13:13 DEBUG JaccIntegrator:90 - Skipping JACC integration as it was not enabled
2017-02-10 10:13:13 DEBUG DefaultIdentifierGeneratorFactory:107 - Setting dialect [org.hibernate.dialect.MySQLDialect]
2017-02-10 10:13:13 DEBUG AbstractEntityPersister:3676 - Static SQL for entity: com.namequeriesdemo.Employee
2017-02-10 10:13:13 DEBUG AbstractEntityPersister:3681 -  Version select: select EMPID from tableemployee where EMPID =?
2017-02-10 10:13:13 DEBUG AbstractEntityPersister:3684 -  Snapshot select: select employee_.EMPID, employee_.EMPNAME as EMPNAME2_0_, employee_.salary as salary3_0_ from tableemployee employee_ where employee_.EMPID=?
2017-02-10 10:13:13 DEBUG AbstractEntityPersister:3687 -  Insert 0: insert into tableemployee (EMPNAME, salary, EMPID) values (?, ?, ?)
2017-02-10 10:13:13 DEBUG AbstractEntityPersister:3688 -  Update 0: update tableemployee set EMPNAME=?, salary=? where EMPID=?
2017-02-10 10:13:13 DEBUG AbstractEntityPersister:3689 -  Delete 0: delete from tableemployee where EMPID=?
2017-02-10 10:13:13 DEBUG AbstractEntityPersister:3692 -  Identity insert: insert into tableemployee (EMPNAME, salary) values (?, ?)
2017-02-10 10:13:13 DEBUG QuerySpacesImpl:192 - Adding QuerySpace : uid = <gen:0> -> org.hibernate.loader.plan.build.internal.spaces.EntityQuerySpaceImpl@7278ce]
2017-02-10 10:13:13 DEBUG MetamodelGraphWalker:154 - Visiting attribute path : empName
2017-02-10 10:13:13 DEBUG MetamodelGraphWalker:154 - Visiting attribute path : empSalary
2017-02-10 10:13:13 DEBUG FetchStyleLoadPlanBuildingAssociationVisitationStrategy:94 - Building LoadPlan...
2017-02-10 10:13:13 DEBUG LoadQueryJoinAndFetchProcessor:112 - processing queryspace <gen:0>
2017-02-10 10:13:14 DEBUG LoadPlanTreePrinter:72 - LoadPlan(entity=com.namequeriesdemo.Employee)
    - Returns
       - EntityReturnImpl(entity=com.namequeriesdemo.Employee, querySpaceUid=<gen:0>, path=com.namequeriesdemo.Employee)
    - QuerySpaces
       - EntityQuerySpaceImpl(uid=<gen:0>, entity=com.namequeriesdemo.Employee)
          - SQL table alias mapping - employee0_
          - alias suffix - 0_
          - suffixed key columns - {EMPID1_0_0_}

2017-02-10 10:13:14 DEBUG EntityLoader:146 - Static select for entity com.namequeriesdemo.Employee [NONE]: select employee0_.EMPID as EMPID1_0_0_, employee0_.EMPNAME as EMPNAME2_0_0_, employee0_.salary as salary3_0_0_ from tableemployee employee0_ where employee0_.EMPID=?
2017-02-10 10:13:14 DEBUG QuerySpacesImpl:192 - Adding QuerySpace : uid = <gen:0> -> org.hibernate.loader.plan.build.internal.spaces.EntityQuerySpaceImpl@1370b4d]
2017-02-10 10:13:14 DEBUG MetamodelGraphWalker:154 - Visiting attribute path : empName
2017-02-10 10:13:14 DEBUG MetamodelGraphWalker:154 - Visiting attribute path : empSalary
2017-02-10 10:13:14 DEBUG FetchStyleLoadPlanBuildingAssociationVisitationStrategy:94 - Building LoadPlan...
2017-02-10 10:13:14 DEBUG LoadQueryJoinAndFetchProcessor:112 - processing queryspace <gen:0>
2017-02-10 10:13:14 DEBUG LoadPlanTreePrinter:72 - LoadPlan(entity=com.namequeriesdemo.Employee)
    - Returns
       - EntityReturnImpl(entity=com.namequeriesdemo.Employee, querySpaceUid=<gen:0>, path=com.namequeriesdemo.Employee)
    - QuerySpaces
       - EntityQuerySpaceImpl(uid=<gen:0>, entity=com.namequeriesdemo.Employee)
          - SQL table alias mapping - employee0_
          - alias suffix - 0_
          - suffixed key columns - {EMPID1_0_0_}

2017-02-10 10:13:14 DEBUG EntityLoader:146 - Static select for entity com.namequeriesdemo.Employee [READ]: select employee0_.EMPID as EMPID1_0_0_, employee0_.EMPNAME as EMPNAME2_0_0_, employee0_.salary as salary3_0_0_ from tableemployee employee0_ where employee0_.EMPID=?
2017-02-10 10:13:14 DEBUG QuerySpacesImpl:192 - Adding QuerySpace : uid = <gen:0> -> org.hibernate.loader.plan.build.internal.spaces.EntityQuerySpaceImpl@196dc61]
2017-02-10 10:13:14 DEBUG MetamodelGraphWalker:154 - Visiting attribute path : empName
2017-02-10 10:13:14 DEBUG MetamodelGraphWalker:154 - Visiting attribute path : empSalary
2017-02-10 10:13:14 DEBUG FetchStyleLoadPlanBuildingAssociationVisitationStrategy:94 - Building LoadPlan...
2017-02-10 10:13:14 DEBUG LoadQueryJoinAndFetchProcessor:112 - processing queryspace <gen:0>
2017-02-10 10:13:14 DEBUG LoadPlanTreePrinter:72 - LoadPlan(entity=com.namequeriesdemo.Employee)
    - Returns
       - EntityReturnImpl(entity=com.namequeriesdemo.Employee, querySpaceUid=<gen:0>, path=com.namequeriesdemo.Employee)
    - QuerySpaces
       - EntityQuerySpaceImpl(uid=<gen:0>, entity=com.namequeriesdemo.Employee)
          - SQL table alias mapping - employee0_
          - alias suffix - 0_
          - suffixed key columns - {EMPID1_0_0_}

2017-02-10 10:13:14 DEBUG EntityLoader:146 - Static select for entity com.namequeriesdemo.Employee [UPGRADE]: select employee0_.EMPID as EMPID1_0_0_, employee0_.EMPNAME as EMPNAME2_0_0_, employee0_.salary as salary3_0_0_ from tableemployee employee0_ where employee0_.EMPID=? for update
2017-02-10 10:13:14 DEBUG QuerySpacesImpl:192 - Adding QuerySpace : uid = <gen:0> -> org.hibernate.loader.plan.build.internal.spaces.EntityQuerySpaceImpl@66ba5d]
2017-02-10 10:13:14 DEBUG MetamodelGraphWalker:154 - Visiting attribute path : empName
2017-02-10 10:13:14 DEBUG MetamodelGraphWalker:154 - Visiting attribute path : empSalary
2017-02-10 10:13:14 DEBUG FetchStyleLoadPlanBuildingAssociationVisitationStrategy:94 - Building LoadPlan...
2017-02-10 10:13:14 DEBUG LoadQueryJoinAndFetchProcessor:112 - processing queryspace <gen:0>
2017-02-10 10:13:14 DEBUG LoadPlanTreePrinter:72 - LoadPlan(entity=com.namequeriesdemo.Employee)
    - Returns
       - EntityReturnImpl(entity=com.namequeriesdemo.Employee, querySpaceUid=<gen:0>, path=com.namequeriesdemo.Employee)
    - QuerySpaces
       - EntityQuerySpaceImpl(uid=<gen:0>, entity=com.namequeriesdemo.Employee)
          - SQL table alias mapping - employee0_
          - alias suffix - 0_
          - suffixed key columns - {EMPID1_0_0_}

2017-02-10 10:13:14 DEBUG EntityLoader:146 - Static select for entity com.namequeriesdemo.Employee [UPGRADE_NOWAIT]: select employee0_.EMPID as EMPID1_0_0_, employee0_.EMPNAME as EMPNAME2_0_0_, employee0_.salary as salary3_0_0_ from tableemployee employee0_ where employee0_.EMPID=? for update
2017-02-10 10:13:14 DEBUG QuerySpacesImpl:192 - Adding QuerySpace : uid = <gen:0> -> org.hibernate.loader.plan.build.internal.spaces.EntityQuerySpaceImpl@d40124]
2017-02-10 10:13:14 DEBUG MetamodelGraphWalker:154 - Visiting attribute path : empName
2017-02-10 10:13:14 DEBUG MetamodelGraphWalker:154 - Visiting attribute path : empSalary
2017-02-10 10:13:14 DEBUG FetchStyleLoadPlanBuildingAssociationVisitationStrategy:94 - Building LoadPlan...
2017-02-10 10:13:14 DEBUG LoadQueryJoinAndFetchProcessor:112 - processing queryspace <gen:0>
2017-02-10 10:13:14 DEBUG LoadPlanTreePrinter:72 - LoadPlan(entity=com.namequeriesdemo.Employee)
    - Returns
       - EntityReturnImpl(entity=com.namequeriesdemo.Employee, querySpaceUid=<gen:0>, path=com.namequeriesdemo.Employee)
    - QuerySpaces
       - EntityQuerySpaceImpl(uid=<gen:0>, entity=com.namequeriesdemo.Employee)
          - SQL table alias mapping - employee0_
          - alias suffix - 0_
          - suffixed key columns - {EMPID1_0_0_}

2017-02-10 10:13:14 DEBUG EntityLoader:146 - Static select for entity com.namequeriesdemo.Employee [UPGRADE_SKIPLOCKED]: select employee0_.EMPID as EMPID1_0_0_, employee0_.EMPNAME as EMPNAME2_0_0_, employee0_.salary as salary3_0_0_ from tableemployee employee0_ where employee0_.EMPID=? for update
2017-02-10 10:13:14 DEBUG QuerySpacesImpl:192 - Adding QuerySpace : uid = <gen:0> -> org.hibernate.loader.plan.build.internal.spaces.EntityQuerySpaceImpl@6a9507]
2017-02-10 10:13:14 DEBUG MetamodelGraphWalker:154 - Visiting attribute path : empName
2017-02-10 10:13:14 DEBUG MetamodelGraphWalker:154 - Visiting attribute path : empSalary
2017-02-10 10:13:14 DEBUG FetchStyleLoadPlanBuildingAssociationVisitationStrategy:94 - Building LoadPlan...
2017-02-10 10:13:14 DEBUG LoadQueryJoinAndFetchProcessor:112 - processing queryspace <gen:0>
2017-02-10 10:13:14 DEBUG LoadPlanTreePrinter:72 - LoadPlan(entity=com.namequeriesdemo.Employee)
    - Returns
       - EntityReturnImpl(entity=com.namequeriesdemo.Employee, querySpaceUid=<gen:0>, path=com.namequeriesdemo.Employee)
    - QuerySpaces
       - EntityQuerySpaceImpl(uid=<gen:0>, entity=com.namequeriesdemo.Employee)
          - SQL table alias mapping - employee0_
          - alias suffix - 0_
          - suffixed key columns - {EMPID1_0_0_}

2017-02-10 10:13:14 DEBUG EntityLoader:146 - Static select for entity com.namequeriesdemo.Employee [FORCE]: select employee0_.EMPID as EMPID1_0_0_, employee0_.EMPNAME as EMPNAME2_0_0_, employee0_.salary as salary3_0_0_ from tableemployee employee0_ where employee0_.EMPID=? for update
2017-02-10 10:13:14 DEBUG QuerySpacesImpl:192 - Adding QuerySpace : uid = <gen:0> -> org.hibernate.loader.plan.build.internal.spaces.EntityQuerySpaceImpl@36a855]
2017-02-10 10:13:14 DEBUG MetamodelGraphWalker:154 - Visiting attribute path : empName
2017-02-10 10:13:14 DEBUG MetamodelGraphWalker:154 - Visiting attribute path : empSalary
2017-02-10 10:13:14 DEBUG FetchStyleLoadPlanBuildingAssociationVisitationStrategy:94 - Building LoadPlan...
2017-02-10 10:13:14 DEBUG LoadQueryJoinAndFetchProcessor:112 - processing queryspace <gen:0>
2017-02-10 10:13:14 DEBUG LoadPlanTreePrinter:72 - LoadPlan(entity=com.namequeriesdemo.Employee)
    - Returns
       - EntityReturnImpl(entity=com.namequeriesdemo.Employee, querySpaceUid=<gen:0>, path=com.namequeriesdemo.Employee)
    - QuerySpaces
       - EntityQuerySpaceImpl(uid=<gen:0>, entity=com.namequeriesdemo.Employee)
          - SQL table alias mapping - employee0_
          - alias suffix - 0_
          - suffixed key columns - {EMPID1_0_0_}

2017-02-10 10:13:14 DEBUG EntityLoader:146 - Static select for entity com.namequeriesdemo.Employee [PESSIMISTIC_READ]: select employee0_.EMPID as EMPID1_0_0_, employee0_.EMPNAME as EMPNAME2_0_0_, employee0_.salary as salary3_0_0_ from tableemployee employee0_ where employee0_.EMPID=? lock in share mode
2017-02-10 10:13:14 DEBUG QuerySpacesImpl:192 - Adding QuerySpace : uid = <gen:0> -> org.hibernate.loader.plan.build.internal.spaces.EntityQuerySpaceImpl@256bb1]
2017-02-10 10:13:14 DEBUG MetamodelGraphWalker:154 - Visiting attribute path : empName
2017-02-10 10:13:14 DEBUG MetamodelGraphWalker:154 - Visiting attribute path : empSalary
2017-02-10 10:13:14 DEBUG FetchStyleLoadPlanBuildingAssociationVisitationStrategy:94 - Building LoadPlan...
2017-02-10 10:13:14 DEBUG LoadQueryJoinAndFetchProcessor:112 - processing queryspace <gen:0>
2017-02-10 10:13:14 DEBUG LoadPlanTreePrinter:72 - LoadPlan(entity=com.namequeriesdemo.Employee)
    - Returns
       - EntityReturnImpl(entity=com.namequeriesdemo.Employee, querySpaceUid=<gen:0>, path=com.namequeriesdemo.Employee)
    - QuerySpaces
       - EntityQuerySpaceImpl(uid=<gen:0>, entity=com.namequeriesdemo.Employee)
          - SQL table alias mapping - employee0_
          - alias suffix - 0_
          - suffixed key columns - {EMPID1_0_0_}

2017-02-10 10:13:14 DEBUG EntityLoader:146 - Static select for entity com.namequeriesdemo.Employee [PESSIMISTIC_WRITE]: select employee0_.EMPID as EMPID1_0_0_, employee0_.EMPNAME as EMPNAME2_0_0_, employee0_.salary as salary3_0_0_ from tableemployee employee0_ where employee0_.EMPID=? for update
2017-02-10 10:13:14 DEBUG QuerySpacesImpl:192 - Adding QuerySpace : uid = <gen:0> -> org.hibernate.loader.plan.build.internal.spaces.EntityQuerySpaceImpl@13825f]
2017-02-10 10:13:14 DEBUG MetamodelGraphWalker:154 - Visiting attribute path : empName
2017-02-10 10:13:14 DEBUG MetamodelGraphWalker:154 - Visiting attribute path : empSalary
2017-02-10 10:13:14 DEBUG FetchStyleLoadPlanBuildingAssociationVisitationStrategy:94 - Building LoadPlan...
2017-02-10 10:13:14 DEBUG LoadQueryJoinAndFetchProcessor:112 - processing queryspace <gen:0>
2017-02-10 10:13:14 DEBUG LoadPlanTreePrinter:72 - LoadPlan(entity=com.namequeriesdemo.Employee)
    - Returns
       - EntityReturnImpl(entity=com.namequeriesdemo.Employee, querySpaceUid=<gen:0>, path=com.namequeriesdemo.Employee)
    - QuerySpaces
       - EntityQuerySpaceImpl(uid=<gen:0>, entity=com.namequeriesdemo.Employee)
          - SQL table alias mapping - employee0_
          - alias suffix - 0_
          - suffixed key columns - {EMPID1_0_0_}

2017-02-10 10:13:14 DEBUG EntityLoader:146 - Static select for entity com.namequeriesdemo.Employee [PESSIMISTIC_FORCE_INCREMENT]: select employee0_.EMPID as EMPID1_0_0_, employee0_.EMPNAME as EMPNAME2_0_0_, employee0_.salary as salary3_0_0_ from tableemployee employee0_ where employee0_.EMPID=? for update
2017-02-10 10:13:14 DEBUG QuerySpacesImpl:192 - Adding QuerySpace : uid = <gen:0> -> org.hibernate.loader.plan.build.internal.spaces.EntityQuerySpaceImpl@1d9b738]
2017-02-10 10:13:14 DEBUG MetamodelGraphWalker:154 - Visiting attribute path : empName
2017-02-10 10:13:14 DEBUG MetamodelGraphWalker:154 - Visiting attribute path : empSalary
2017-02-10 10:13:14 DEBUG FetchStyleLoadPlanBuildingAssociationVisitationStrategy:94 - Building LoadPlan...
2017-02-10 10:13:14 DEBUG LoadQueryJoinAndFetchProcessor:112 - processing queryspace <gen:0>
2017-02-10 10:13:14 DEBUG LoadPlanTreePrinter:72 - LoadPlan(entity=com.namequeriesdemo.Employee)
    - Returns
       - EntityReturnImpl(entity=com.namequeriesdemo.Employee, querySpaceUid=<gen:0>, path=com.namequeriesdemo.Employee)
    - QuerySpaces
       - EntityQuerySpaceImpl(uid=<gen:0>, entity=com.namequeriesdemo.Employee)
          - SQL table alias mapping - employee0_
          - alias suffix - 0_
          - suffixed key columns - {EMPID1_0_0_}

2017-02-10 10:13:14 DEBUG EntityLoader:146 - Static select for entity com.namequeriesdemo.Employee [OPTIMISTIC]: select employee0_.EMPID as EMPID1_0_0_, employee0_.EMPNAME as EMPNAME2_0_0_, employee0_.salary as salary3_0_0_ from tableemployee employee0_ where employee0_.EMPID=?
2017-02-10 10:13:14 DEBUG QuerySpacesImpl:192 - Adding QuerySpace : uid = <gen:0> -> org.hibernate.loader.plan.build.internal.spaces.EntityQuerySpaceImpl@134f1db]
2017-02-10 10:13:14 DEBUG MetamodelGraphWalker:154 - Visiting attribute path : empName
2017-02-10 10:13:14 DEBUG MetamodelGraphWalker:154 - Visiting attribute path : empSalary
2017-02-10 10:13:14 DEBUG FetchStyleLoadPlanBuildingAssociationVisitationStrategy:94 - Building LoadPlan...
2017-02-10 10:13:14 DEBUG LoadQueryJoinAndFetchProcessor:112 - processing queryspace <gen:0>
2017-02-10 10:13:14 DEBUG LoadPlanTreePrinter:72 - LoadPlan(entity=com.namequeriesdemo.Employee)
    - Returns
       - EntityReturnImpl(entity=com.namequeriesdemo.Employee, querySpaceUid=<gen:0>, path=com.namequeriesdemo.Employee)
    - QuerySpaces
       - EntityQuerySpaceImpl(uid=<gen:0>, entity=com.namequeriesdemo.Employee)
          - SQL table alias mapping - employee0_
          - alias suffix - 0_
          - suffixed key columns - {EMPID1_0_0_}

2017-02-10 10:13:14 DEBUG EntityLoader:146 - Static select for entity com.namequeriesdemo.Employee [OPTIMISTIC_FORCE_INCREMENT]: select employee0_.EMPID as EMPID1_0_0_, employee0_.EMPNAME as EMPNAME2_0_0_, employee0_.salary as salary3_0_0_ from tableemployee employee0_ where employee0_.EMPID=?
2017-02-10 10:13:14 DEBUG Loader:56 - Static select for action ACTION_MERGE on entity com.namequeriesdemo.Employee: select employee0_.EMPID as EMPID1_0_0_, employee0_.EMPNAME as EMPNAME2_0_0_, employee0_.salary as salary3_0_0_ from tableemployee employee0_ where employee0_.EMPID=?
2017-02-10 10:13:14 DEBUG Loader:56 - Static select for action ACTION_REFRESH on entity com.namequeriesdemo.Employee: select employee0_.EMPID as EMPID1_0_0_, employee0_.EMPNAME as EMPNAME2_0_0_, employee0_.salary as salary3_0_0_ from tableemployee employee0_ where employee0_.EMPID=?
2017-02-10 10:13:14 DEBUG SessionFactoryRegistry:67 - Initializing SessionFactoryRegistry : org.hibernate.internal.SessionFactoryRegistry@63f02f
2017-02-10 10:13:14 DEBUG SessionFactoryRegistry:89 - Registering SessionFactory: 0fbfe682-bb62-4834-93fc-bc1985513149 (<unnamed>)
2017-02-10 10:13:14 DEBUG SessionFactoryRegistry:96 - Not binding SessionFactory to JNDI, no JNDI name configured
2017-02-10 10:13:14 DEBUG SessionFactoryImpl:505 - Instantiated session factory
2017-02-10 10:13:14 DEBUG Configuration:3805 - Processing hbm.xml files
2017-02-10 10:13:14 DEBUG Configuration:3835 - Process annotated classes
2017-02-10 10:13:14 DEBUG Configuration:1484 - Processing fk mappings (*ToOne and JoinedSubclass)
2017-02-10 10:13:14 DEBUG Configuration:1689 - Processing extends queue
2017-02-10 10:13:14 DEBUG Configuration:1747 - Processing extends queue
2017-02-10 10:13:14 DEBUG Configuration:1692 - Processing collection mappings
2017-02-10 10:13:14 DEBUG Configuration:1702 - Processing native query and ResultSetMapping mappings
2017-02-10 10:13:14 DEBUG Configuration:1710 - Processing association property references
2017-02-10 10:13:14 DEBUG Configuration:1732 - Creating tables' unique integer identifiers
2017-02-10 10:13:14 DEBUG Configuration:1733 - Processing foreign key constraints
2017-02-10 10:13:14 DEBUG DefaultIdentifierGeneratorFactory:107 - Setting dialect [org.hibernate.dialect.MySQLDialect]
2017-02-10 10:13:14 DEBUG Configuration:3805 - Processing hbm.xml files
2017-02-10 10:13:14 DEBUG Configuration:3835 - Process annotated classes
2017-02-10 10:13:14 DEBUG Configuration:1484 - Processing fk mappings (*ToOne and JoinedSubclass)
2017-02-10 10:13:14 DEBUG Configuration:1689 - Processing extends queue
2017-02-10 10:13:14 DEBUG Configuration:1747 - Processing extends queue
2017-02-10 10:13:14 DEBUG Configuration:1692 - Processing collection mappings
2017-02-10 10:13:14 DEBUG Configuration:1702 - Processing native query and ResultSetMapping mappings
2017-02-10 10:13:14 DEBUG Configuration:1710 - Processing association property references
2017-02-10 10:13:14 DEBUG Configuration:1732 - Creating tables' unique integer identifiers
2017-02-10 10:13:14 DEBUG Configuration:1733 - Processing foreign key constraints
2017-02-10 10:13:14 DEBUG DefaultIdentifierGeneratorFactory:107 - Setting dialect [org.hibernate.dialect.MySQLDialect]
2017-02-10 10:13:14 DEBUG DefaultIdentifierGeneratorFactory:107 - Setting dialect [org.hibernate.dialect.MySQLDialect]
2017-02-10 10:13:14 INFO  SchemaExport:344 - HHH000227: Running hbm2ddl schema export
2017-02-10 10:13:14 DEBUG SchemaExport:354 - Import file not found: /import.sql
2017-02-10 10:13:14 DEBUG SQL:109 - drop table if exists tableemployee
2017-02-10 10:13:14 DEBUG SQL:109 - create table tableemployee (EMPID integer not null auto_increment, EMPNAME varchar(255), salary integer, primary key (EMPID))
2017-02-10 10:13:14 INFO  SchemaExport:406 - HHH000230: Schema export complete
2017-02-10 10:13:14 DEBUG Configuration:3805 - Processing hbm.xml files
2017-02-10 10:13:14 DEBUG Configuration:3835 - Process annotated classes
2017-02-10 10:13:14 DEBUG Configuration:1484 - Processing fk mappings (*ToOne and JoinedSubclass)
2017-02-10 10:13:14 DEBUG Configuration:1689 - Processing extends queue
2017-02-10 10:13:14 DEBUG Configuration:1747 - Processing extends queue
2017-02-10 10:13:14 DEBUG Configuration:1692 - Processing collection mappings
2017-02-10 10:13:14 DEBUG Configuration:1702 - Processing native query and ResultSetMapping mappings
2017-02-10 10:13:14 DEBUG Configuration:1710 - Processing association property references
2017-02-10 10:13:14 DEBUG Configuration:1732 - Creating tables' unique integer identifiers
2017-02-10 10:13:14 DEBUG Configuration:1733 - Processing foreign key constraints
2017-02-10 10:13:14 DEBUG DefaultIdentifierGeneratorFactory:107 - Setting dialect [org.hibernate.dialect.MySQLDialect]
2017-02-10 10:13:14 DEBUG Configuration:3805 - Processing hbm.xml files
2017-02-10 10:13:14 DEBUG Configuration:3835 - Process annotated classes
2017-02-10 10:13:14 DEBUG Configuration:1484 - Processing fk mappings (*ToOne and JoinedSubclass)
2017-02-10 10:13:14 DEBUG Configuration:1689 - Processing extends queue
2017-02-10 10:13:14 DEBUG Configuration:1747 - Processing extends queue
2017-02-10 10:13:14 DEBUG Configuration:1692 - Processing collection mappings
2017-02-10 10:13:14 DEBUG Configuration:1702 - Processing native query and ResultSetMapping mappings
2017-02-10 10:13:14 DEBUG Configuration:1710 - Processing association property references
2017-02-10 10:13:14 DEBUG Configuration:1732 - Creating tables' unique integer identifiers
2017-02-10 10:13:14 DEBUG Configuration:1733 - Processing foreign key constraints
2017-02-10 10:13:14 DEBUG DefaultIdentifierGeneratorFactory:107 - Setting dialect [org.hibernate.dialect.MySQLDialect]
2017-02-10 10:13:14 DEBUG DefaultIdentifierGeneratorFactory:107 - Setting dialect [org.hibernate.dialect.MySQLDialect]
2017-02-10 10:13:14 DEBUG NamedQueryRepository:155 - Checking 0 named HQL queries
2017-02-10 10:13:14 DEBUG NamedQueryRepository:171 - Checking 0 named SQL queries
2017-02-10 10:13:14 DEBUG StatisticsInitiator:110 - Statistics initialized [enabled=false]
2017-02-10 10:13:14 DEBUG AbstractTransactionImpl:160 - begin
2017-02-10 10:13:14 DEBUG LogicalConnectionImpl:226 - Obtaining JDBC connection
2017-02-10 10:13:14 DEBUG LogicalConnectionImpl:232 - Obtained JDBC connection
2017-02-10 10:13:14 DEBUG JdbcTransaction:69 - initial autocommit status: false
2017-02-10 10:13:14 DEBUG ActionQueue:196 - Executing identity-insert immediately
2017-02-10 10:13:14 DEBUG SQL:109 - insert into tableemployee (EMPNAME, salary) values (?, ?)
2017-02-10 10:13:14 DEBUG IdentifierGeneratorHelper:94 - Natively generated identity: 1
2017-02-10 10:13:14 DEBUG ActionQueue:196 - Executing identity-insert immediately
2017-02-10 10:13:14 DEBUG SQL:109 - insert into tableemployee (EMPNAME, salary) values (?, ?)
2017-02-10 10:13:14 DEBUG IdentifierGeneratorHelper:94 - Natively generated identity: 2
2017-02-10 10:13:14 DEBUG ActionQueue:196 - Executing identity-insert immediately
2017-02-10 10:13:14 DEBUG SQL:109 - insert into tableemployee (EMPNAME, salary) values (?, ?)
2017-02-10 10:13:14 DEBUG IdentifierGeneratorHelper:94 - Natively generated identity: 3
2017-02-10 10:13:14 DEBUG AbstractFlushingEventListener:149 - Processing flush-time cascades
2017-02-10 10:13:14 DEBUG AbstractFlushingEventListener:189 - Dirty checking collections
2017-02-10 10:13:14 DEBUG AbstractFlushingEventListener:123 - Flushed: 0 insertions, 0 updates, 0 deletions to 3 objects
2017-02-10 10:13:14 DEBUG AbstractFlushingEventListener:130 - Flushed: 0 (re)creations, 0 updates, 0 removals to 0 collections
2017-02-10 10:13:14 DEBUG EntityPrinter:114 - Listing entities:
2017-02-10 10:13:14 DEBUG EntityPrinter:121 - com.namequeriesdemo.Employee{empName=Prashant Bagade, empId=3, empSalary=20000}
2017-02-10 10:13:14 DEBUG EntityPrinter:121 - com.namequeriesdemo.Employee{empName=Prashant chitte, empId=2, empSalary=30000}
2017-02-10 10:13:14 DEBUG EntityPrinter:121 - com.namequeriesdemo.Employee{empName=Jaideep Mohite, empId=1, empSalary=10000}
2017-02-10 10:13:14 DEBUG SQL:109 - select * from tableemployee
2017-02-10 10:13:14 DEBUG Loader:952 - Result set row: 0
2017-02-10 10:13:14 DEBUG Loader:1486 - Result row: EntityKey[com.namequeriesdemo.Employee#1]
2017-02-10 10:13:14 DEBUG Loader:952 - Result set row: 1
2017-02-10 10:13:14 DEBUG Loader:1486 - Result row: EntityKey[com.namequeriesdemo.Employee#2]
2017-02-10 10:13:14 DEBUG Loader:952 - Result set row: 2
2017-02-10 10:13:14 DEBUG Loader:1486 - Result row: EntityKey[com.namequeriesdemo.Employee#3]
2017-02-10 10:13:14 DEBUG AbstractFlushingEventListener:149 - Processing flush-time cascades
2017-02-10 10:13:14 DEBUG AbstractFlushingEventListener:189 - Dirty checking collections
2017-02-10 10:13:14 DEBUG AbstractFlushingEventListener:123 - Flushed: 0 insertions, 0 updates, 0 deletions to 3 objects
2017-02-10 10:13:14 DEBUG AbstractFlushingEventListener:130 - Flushed: 0 (re)creations, 0 updates, 0 removals to 0 collections
2017-02-10 10:13:14 DEBUG EntityPrinter:114 - Listing entities:
2017-02-10 10:13:14 DEBUG EntityPrinter:121 - com.namequeriesdemo.Employee{empName=Prashant Bagade, empId=3, empSalary=20000}
2017-02-10 10:13:14 DEBUG EntityPrinter:121 - com.namequeriesdemo.Employee{empName=Prashant chitte, empId=2, empSalary=30000}
2017-02-10 10:13:14 DEBUG EntityPrinter:121 - com.namequeriesdemo.Employee{empName=Jaideep Mohite, empId=1, empSalary=10000}
2017-02-10 10:13:14 DEBUG AbstractTransactionImpl:175 - committing
2017-02-10 10:13:14 DEBUG AbstractFlushingEventListener:149 - Processing flush-time cascades
2017-02-10 10:13:14 DEBUG AbstractFlushingEventListener:189 - Dirty checking collections
2017-02-10 10:13:14 DEBUG AbstractFlushingEventListener:123 - Flushed: 0 insertions, 0 updates, 0 deletions to 3 objects
2017-02-10 10:13:14 DEBUG AbstractFlushingEventListener:130 - Flushed: 0 (re)creations, 0 updates, 0 removals to 0 collections
2017-02-10 10:13:14 DEBUG EntityPrinter:114 - Listing entities:
2017-02-10 10:13:14 DEBUG EntityPrinter:121 - com.namequeriesdemo.Employee{empName=Prashant Bagade, empId=3, empSalary=20000}
2017-02-10 10:13:14 DEBUG EntityPrinter:121 - com.namequeriesdemo.Employee{empName=Prashant chitte, empId=2, empSalary=30000}
2017-02-10 10:13:14 DEBUG EntityPrinter:121 - com.namequeriesdemo.Employee{empName=Jaideep Mohite, empId=1, empSalary=10000}
2017-02-10 10:13:14 DEBUG JdbcTransaction:113 - committed JDBC Connection
2017-02-10 10:13:14 DEBUG LogicalConnectionImpl:246 - Releasing JDBC connection
2017-02-10 10:13:14 DEBUG LogicalConnectionImpl:264 - Released JDBC connection
2017-02-10 10:13:43 DEBUG DriverManagerConnectionProviderImpl:120 - Connection pool now considered primed; min-size will be maintained
2017-02-10 10:45:11 ERROR TestLogic:22 - error level
=[ERROR] 2017-02-10 11:15:59,011 com.testnamedqueries.TestLogic main - error level
